<?xml version="1.0" encoding="UTF-8"?>
<testsuite name="TicTacToeTest" tests="1" skipped="0" failures="0" errors="0" timestamp="2020-12-14T21:00:29" hostname="LAPTOP-MURC9SVL" time="1.166">
  <properties/>
  <testcase name="start" classname="TicTacToeTest" time="1.166"/>
  <system-out><![CDATA[?[1;31m
Start test 1?[0m
Input command: > start easy easy
---------
|       |
|       |
|       |
---------
Making move level "easy"
---------
|       |
|       |
| X     |
---------
Making move level "easy"
---------
|       |
|   O   |
| X     |
---------
Making move level "easy"
---------
| X     |
|   O   |
| X     |
---------
Making move level "easy"
---------
| X     |
| O O   |
| X     |
---------
Making move level "easy"
---------
| X     |
| O O   |
| X   X |
---------
Making move level "easy"
O wins
?[1;31m
Start test 2?[0m
Input command: > exit
?[1;31m
Start test 3?[0m
Input command: > start user user
---------
|       |
|       |
|       |
---------
Enter the coordinates: > 1 1
---------
| X     |
|       |
|       |
---------
Enter the coordinates: > 2 3
---------
| X     |
|     O |
|       |
---------
Enter the coordinates: > 2 1
---------
| X     |
| X   O |
|       |
---------
Enter the coordinates: > 3 3
---------
| X     |
| X   O |
|     O |
---------
Enter the coordinates: > 3 1
X wins
X wins
?[1;31m
Start test 4?[0m
Input command: > start user user
---------
|       |
|       |
|       |
---------
Enter the coordinates: > 1 1
---------
| X     |
|       |
|       |
---------
Enter the coordinates: > 1 1
This cell is occupied! Choose another one!
Enter the coordinates: > 1 2
---------
| X O   |
|       |
|       |
---------
?[1;31m
Start test 5?[0m
Input command: > start easy easy
---------
|       |
|       |
|       |
---------
Making move level "easy"
---------
|   X   |
|       |
|       |
---------
Making move level "easy"
---------
|   X   |
|       |
|     O |
---------
Making move level "easy"
---------
|   X   |
|   X   |
|     O |
---------
Making move level "easy"
---------
|   X   |
| O X   |
|     O |
---------
Making move level "easy"
---------
| X X   |
| O X   |
|     O |
---------
Making move level "easy"
---------
| X X   |
| O X   |
| O   O |
---------
Making move level "easy"
---------
| X X   |
| O X X |
| O   O |
---------
Making move level "easy"
O wins
Input command: > start easy easy
---------
|       |
|       |
|       |
---------
Making move level "easy"
---------
|       |
|       |
| X     |
---------
Making move level "easy"
---------
|   O   |
|       |
| X     |
---------
Making move level "easy"
---------
|   O   |
|     X |
| X     |
---------
Making move level "easy"
---------
|   O   |
|     X |
| X O   |
---------
Making move level "easy"
---------
|   O   |
|     X |
| X O X |
---------
Making move level "easy"
---------
| O O   |
|     X |
| X O X |
---------
Making move level "easy"
---------
| O O   |
| X   X |
| X O X |
---------
Making move level "easy"
O wins
Input command: > start easy easy
---------
|       |
|       |
|       |
---------
Making move level "easy"
---------
| X     |
|       |
|       |
---------
Making move level "easy"
---------
| X   O |
|       |
|       |
---------
Making move level "easy"
---------
| X   O |
|       |
|     X |
---------
Making move level "easy"
---------
| X   O |
|     O |
|     X |
---------
Making move level "easy"
---------
| X X O |
|     O |
|     X |
---------
Making move level "easy"
---------
| X X O |
|     O |
| O   X |
---------
Making move level "easy"
---------
| X X O |
| X   O |
| O   X |
---------
Making move level "easy"
O wins
Input command: > start easy easy
---------
|       |
|       |
|       |
---------
Making move level "easy"
---------
|     X |
|       |
|       |
---------
Making move level "easy"
---------
|     X |
|       |
|     O |
---------
Making move level "easy"
---------
|   X X |
|       |
|     O |
---------
Making move level "easy"
---------
| O X X |
|       |
|     O |
---------
Making move level "easy"
---------
| O X X |
|       |
| X   O |
---------
Making move level "easy"
---------
| O X X |
| O     |
| X   O |
---------
Making move level "easy"
---------
| O X X |
| O     |
| X X O |
---------
Making move level "easy"
O wins
Input command: > start easy easy
---------
|       |
|       |
|       |
---------
Making move level "easy"
---------
|     X |
|       |
|       |
---------
Making move level "easy"
---------
| O   X |
|       |
|       |
---------
Making move level "easy"
---------
| O   X |
|     X |
|       |
---------
Making move level "easy"
---------
| O   X |
|   O X |
|       |
---------
Making move level "easy"
---------
| O   X |
| X O X |
|       |
---------
Making move level "easy"
---------
| O   X |
| X O X |
| O     |
---------
Making move level "easy"
---------
| O X X |
| X O X |
| O     |
---------
Making move level "easy"
O wins
Input command: > start easy easy
---------
|       |
|       |
|       |
---------
Making move level "easy"
---------
|       |
|       |
| X     |
---------
Making move level "easy"
---------
|       |
|   O   |
| X     |
---------
Making move level "easy"
---------
|       |
|   O X |
| X     |
---------
Making move level "easy"
---------
|       |
|   O X |
| X   O |
---------
Making move level "easy"
---------
|       |
|   O X |
| X X O |
---------
Making move level "easy"
O wins
Input command: > start easy easy
---------
|       |
|       |
|       |
---------
Making move level "easy"
---------
|   X   |
|       |
|       |
---------
Making move level "easy"
---------
|   X   |
| O     |
|       |
---------
Making move level "easy"
---------
|   X   |
| O     |
| X     |
---------
Making move level "easy"
---------
|   X   |
| O     |
| X O   |
---------
Making move level "easy"
---------
|   X   |
| O X   |
| X O   |
---------
Making move level "easy"
---------
|   X   |
| O X   |
| X O O |
---------
Making move level "easy"
X wins
Input command: > start easy easy
---------
|       |
|       |
|       |
---------
Making move level "easy"
---------
|       |
| X     |
|       |
---------
Making move level "easy"
---------
|       |
| X O   |
|       |
---------
Making move level "easy"
---------
| X     |
| X O   |
|       |
---------
Making move level "easy"
---------
| X O   |
| X O   |
|       |
---------
Making move level "easy"
X wins
Input command: > start easy easy
---------
|       |
|       |
|       |
---------
Making move level "easy"
---------
|       |
|       |
|     X |
---------
Making move level "easy"
---------
|       |
| O     |
|     X |
---------
Making move level "easy"
---------
|       |
| O   X |
|     X |
---------
Making move level "easy"
---------
| O     |
| O   X |
|     X |
---------
Making move level "easy"
---------
| O     |
| O X X |
|     X |
---------
Making move level "easy"
---------
| O     |
| O X X |
|   O X |
---------
Making move level "easy"
---------
| O     |
| O X X |
| X O X |
---------
Making move level "easy"
---------
| O O   |
| O X X |
| X O X |
---------
Making move level "easy"
X wins
Input command: > start easy easy
---------
|       |
|       |
|       |
---------
Making move level "easy"
---------
|       |
|     X |
|       |
---------
Making move level "easy"
---------
|       |
|     X |
|     O |
---------
Making move level "easy"
---------
|   X   |
|     X |
|     O |
---------
Making move level "easy"
---------
|   X   |
|   O X |
|     O |
---------
Making move level "easy"
---------
|   X   |
| X O X |
|     O |
---------
Making move level "easy"
---------
|   X   |
| X O X |
|   O O |
---------
Making move level "easy"
---------
|   X X |
| X O X |
|   O O |
---------
Making move level "easy"
O wins
Input command: > start easy easy
---------
|       |
|       |
|       |
---------
Making move level "easy"
---------
| X     |
|       |
|       |
---------
Making move level "easy"
---------
| X   O |
|       |
|       |
---------
Making move level "easy"
---------
| X   O |
|       |
|   X   |
---------
Making move level "easy"
---------
| X O O |
|       |
|   X   |
---------
Making move level "easy"
---------
| X O O |
|   X   |
|   X   |
---------
Making move level "easy"
---------
| X O O |
| O X   |
|   X   |
---------
Making move level "easy"
---------
| X O O |
| O X X |
|   X   |
---------
Making move level "easy"
---------
| X O O |
| O X X |
| O X   |
---------
Making move level "easy"
X wins
Input command: > start easy easy
---------
|       |
|       |
|       |
---------
Making move level "easy"
---------
|       |
| X     |
|       |
---------
Making move level "easy"
---------
|       |
| X     |
| O     |
---------
Making move level "easy"
---------
|     X |
| X     |
| O     |
---------
Making move level "easy"
---------
|     X |
| X O   |
| O     |
---------
Making move level "easy"
---------
| X   X |
| X O   |
| O     |
---------
Making move level "easy"
---------
| X   X |
| X O   |
| O   O |
---------
Making move level "easy"
---------
| X   X |
| X O X |
| O   O |
---------
Making move level "easy"
---------
| X O X |
| X O X |
| O   O |
---------
Making move level "easy"
Draw
Input command: > start easy easy
---------
|       |
|       |
|       |
---------
Making move level "easy"
---------
|   X   |
|       |
|       |
---------
Making move level "easy"
---------
|   X   |
|       |
|     O |
---------
Making move level "easy"
---------
|   X   |
| X     |
|     O |
---------
Making move level "easy"
---------
| O X   |
| X     |
|     O |
---------
Making move level "easy"
---------
| O X X |
| X     |
|     O |
---------
Making move level "easy"
---------
| O X X |
| X   O |
|     O |
---------
Making move level "easy"
---------
| O X X |
| X   O |
|   X O |
---------
Making move level "easy"
O wins
Input command: > start easy easy
---------
|       |
|       |
|       |
---------
Making move level "easy"
---------
|       |
|       |
|     X |
---------
Making move level "easy"
---------
|   O   |
|       |
|     X |
---------
Making move level "easy"
---------
|   O   |
|   X   |
|     X |
---------
Making move level "easy"
---------
| O O   |
|   X   |
|     X |
---------
Making move level "easy"
---------
| O O   |
|   X   |
|   X X |
---------
Making move level "easy"
---------
| O O   |
| O X   |
|   X X |
---------
Making move level "easy"
---------
| O O X |
| O X   |
|   X X |
---------
Making move level "easy"
---------
| O O X |
| O X O |
|   X X |
---------
Making move level "easy"
X wins
Input command: > start easy easy
---------
|       |
|       |
|       |
---------
Making move level "easy"
---------
| X     |
|       |
|       |
---------
Making move level "easy"
---------
| X     |
| O     |
|       |
---------
Making move level "easy"
---------
| X X   |
| O     |
|       |
---------
Making move level "easy"
---------
| X X   |
| O     |
|   O   |
---------
Making move level "easy"
---------
| X X   |
| O   X |
|   O   |
---------
Making move level "easy"
---------
| X X   |
| O   X |
|   O O |
---------
Making move level "easy"
---------
| X X   |
| O X X |
|   O O |
---------
Making move level "easy"
O wins
Input command: > start easy easy
---------
|       |
|       |
|       |
---------
Making move level "easy"
---------
|   X   |
|       |
|       |
---------
Making move level "easy"
---------
|   X   |
|       |
|   O   |
---------
Making move level "easy"
---------
|   X X |
|       |
|   O   |
---------
Making move level "easy"
---------
|   X X |
|       |
| O O   |
---------
Making move level "easy"
X wins
Input command: > start easy easy
---------
|       |
|       |
|       |
---------
Making move level "easy"
---------
| X     |
|       |
|       |
---------
Making move level "easy"
---------
| X   O |
|       |
|       |
---------
Making move level "easy"
---------
| X   O |
|       |
| X     |
---------
Making move level "easy"
---------
| X O O |
|       |
| X     |
---------
Making move level "easy"
---------
| X O O |
|     X |
| X     |
---------
Making move level "easy"
---------
| X O O |
| O   X |
| X     |
---------
Making move level "easy"
---------
| X O O |
| O   X |
| X X   |
---------
Making move level "easy"
---------
| X O O |
| O O X |
| X X   |
---------
Making move level "easy"
X wins
Input command: > start easy easy
---------
|       |
|       |
|       |
---------
Making move level "easy"
---------
| X     |
|       |
|       |
---------
Making move level "easy"
---------
| X     |
|     O |
|       |
---------
Making move level "easy"
---------
| X     |
|     O |
|   X   |
---------
Making move level "easy"
---------
| X     |
|     O |
| O X   |
---------
Making move level "easy"
---------
| X     |
|   X O |
| O X   |
---------
Making move level "easy"
---------
| X     |
| O X O |
| O X   |
---------
Making move level "easy"
X wins
Input command: > start easy easy
---------
|       |
|       |
|       |
---------
Making move level "easy"
---------
|       |
|     X |
|       |
---------
Making move level "easy"
---------
|       |
|     X |
|   O   |
---------
Making move level "easy"
---------
|       |
| X   X |
|   O   |
---------
Making move level "easy"
---------
| O     |
| X   X |
|   O   |
---------
Making move level "easy"
---------
| O   X |
| X   X |
|   O   |
---------
Making move level "easy"
---------
| O O X |
| X   X |
|   O   |
---------
Making move level "easy"
X wins
Input command: > start easy easy
---------
|       |
|       |
|       |
---------
Making move level "easy"
---------
| X     |
|       |
|       |
---------
Making move level "easy"
---------
| X   O |
|       |
|       |
---------
Making move level "easy"
---------
| X   O |
|       |
| X     |
---------
Making move level "easy"
---------
| X   O |
|   O   |
| X     |
---------
Making move level "easy"
X wins
Input command: > start easy easy
---------
|       |
|       |
|       |
---------
Making move level "easy"
---------
|     X |
|       |
|       |
---------
Making move level "easy"
---------
|     X |
|       |
|   O   |
---------
Making move level "easy"
---------
|     X |
| X     |
|   O   |
---------
Making move level "easy"
---------
|     X |
| X   O |
|   O   |
---------
Making move level "easy"
---------
|     X |
| X   O |
| X O   |
---------
Making move level "easy"
---------
|     X |
| X O O |
| X O   |
---------
Making move level "easy"
---------
|     X |
| X O O |
| X O X |
---------
Making move level "easy"
O wins
Input command: > start easy easy
---------
|       |
|       |
|       |
---------
Making move level "easy"
---------
|       |
|   X   |
|       |
---------
Making move level "easy"
---------
|       |
| O X   |
|       |
---------
Making move level "easy"
---------
| X     |
| O X   |
|       |
---------
Making move level "easy"
---------
| X   O |
| O X   |
|       |
---------
Making move level "easy"
---------
| X   O |
| O X   |
| X     |
---------
Making move level "easy"
---------
| X O O |
| O X   |
| X     |
---------
Making move level "easy"
---------
| X O O |
| O X X |
| X     |
---------
Making move level "easy"
---------
| X O O |
| O X X |
| X   O |
---------
Making move level "easy"
Draw
Input command: > start easy easy
---------
|       |
|       |
|       |
---------
Making move level "easy"
---------
|       |
|       |
|   X   |
---------
Making move level "easy"
---------
|       |
|       |
|   X O |
---------
Making move level "easy"
---------
|       |
|     X |
|   X O |
---------
Making move level "easy"
---------
|   O   |
|     X |
|   X O |
---------
Making move level "easy"
---------
|   O   |
|   X X |
|   X O |
---------
Making move level "easy"
---------
|   O O |
|   X X |
|   X O |
---------
Making move level "easy"
---------
| X O O |
|   X X |
|   X O |
---------
Making move level "easy"
---------
| X O O |
| O X X |
|   X O |
---------
Making move level "easy"
Draw
Input command: > start easy easy
---------
|       |
|       |
|       |
---------
Making move level "easy"
---------
|     X |
|       |
|       |
---------
Making move level "easy"
---------
|     X |
|     O |
|       |
---------
Making move level "easy"
---------
|     X |
| X   O |
|       |
---------
Making move level "easy"
---------
|     X |
| X   O |
|     O |
---------
Making move level "easy"
---------
|     X |
| X   O |
| X   O |
---------
Making move level "easy"
---------
|   O X |
| X   O |
| X   O |
---------
Making move level "easy"
X wins
Input command: > start easy easy
---------
|       |
|       |
|       |
---------
Making move level "easy"
---------
|   X   |
|       |
|       |
---------
Making move level "easy"
---------
|   X   |
|       |
|     O |
---------
Making move level "easy"
---------
|   X   |
| X     |
|     O |
---------
Making move level "easy"
---------
|   X   |
| X   O |
|     O |
---------
Making move level "easy"
---------
|   X   |
| X   O |
| X   O |
---------
Making move level "easy"
---------
| O X   |
| X   O |
| X   O |
---------
Making move level "easy"
---------
| O X   |
| X   O |
| X X O |
---------
Making move level "easy"
O wins
Input command: > start easy easy
---------
|       |
|       |
|       |
---------
Making move level "easy"
---------
|       |
|   X   |
|       |
---------
Making move level "easy"
---------
|       |
|   X   |
| O     |
---------
Making move level "easy"
---------
|       |
|   X X |
| O     |
---------
Making move level "easy"
---------
|   O   |
|   X X |
| O     |
---------
Making move level "easy"
---------
|   O X |
|   X X |
| O     |
---------
Making move level "easy"
---------
|   O X |
|   X X |
| O O   |
---------
Making move level "easy"
X wins
Input command: > start easy easy
---------
|       |
|       |
|       |
---------
Making move level "easy"
---------
| X     |
|       |
|       |
---------
Making move level "easy"
---------
| X     |
|       |
| O     |
---------
Making move level "easy"
---------
| X     |
|       |
| O X   |
---------
Making move level "easy"
---------
| X     |
| O     |
| O X   |
---------
Making move level "easy"
---------
| X     |
| O X   |
| O X   |
---------
Making move level "easy"
---------
| X     |
| O X   |
| O X O |
---------
Making move level "easy"
X wins
Input command: > start easy easy
---------
|       |
|       |
|       |
---------
Making move level "easy"
---------
|       |
| X     |
|       |
---------
Making move level "easy"
---------
|       |
| X     |
|   O   |
---------
Making move level "easy"
---------
| X     |
| X     |
|   O   |
---------
Making move level "easy"
---------
| X     |
| X   O |
|   O   |
---------
Making move level "easy"
---------
| X   X |
| X   O |
|   O   |
---------
Making move level "easy"
---------
| X   X |
| X O O |
|   O   |
---------
Making move level "easy"
X wins
Input command: > start easy easy
---------
|       |
|       |
|       |
---------
Making move level "easy"
---------
|       |
|   X   |
|       |
---------
Making move level "easy"
---------
| O     |
|   X   |
|       |
---------
Making move level "easy"
---------
| O     |
|   X   |
|   X   |
---------
Making move level "easy"
---------
| O   O |
|   X   |
|   X   |
---------
Making move level "easy"
---------
| O   O |
|   X   |
|   X X |
---------
Making move level "easy"
---------
| O   O |
|   X   |
| O X X |
---------
Making move level "easy"
---------
| O   O |
| X X   |
| O X X |
---------
Making move level "easy"
---------
| O   O |
| X X O |
| O X X |
---------
Making move level "easy"
X wins
Input command: > start easy easy
---------
|       |
|       |
|       |
---------
Making move level "easy"
---------
|       |
|       |
|     X |
---------
Making move level "easy"
---------
| O     |
|       |
|     X |
---------
Making move level "easy"
---------
| O     |
|       |
|   X X |
---------
Making move level "easy"
---------
| O     |
|     O |
|   X X |
---------
Making move level "easy"
---------
| O     |
| X   O |
|   X X |
---------
Making move level "easy"
---------
| O O   |
| X   O |
|   X X |
---------
Making move level "easy"
X wins
Input command: > start easy easy
---------
|       |
|       |
|       |
---------
Making move level "easy"
---------
|       |
|   X   |
|       |
---------
Making move level "easy"
---------
|       |
|   X   |
| O     |
---------
Making move level "easy"
---------
| X     |
|   X   |
| O     |
---------
Making move level "easy"
---------
| X     |
|   X   |
| O   O |
---------
Making move level "easy"
---------
| X     |
| X X   |
| O   O |
---------
Making move level "easy"
---------
| X O   |
| X X   |
| O   O |
---------
Making move level "easy"
---------
| X O X |
| X X   |
| O   O |
---------
Making move level "easy"
---------
| X O X |
| X X O |
| O   O |
---------
Making move level "easy"
Draw
Input command: > start easy easy
---------
|       |
|       |
|       |
---------
Making move level "easy"
---------
| X     |
|       |
|       |
---------
Making move level "easy"
---------
| X     |
|     O |
|       |
---------
Making move level "easy"
---------
| X     |
|     O |
|     X |
---------
Making move level "easy"
---------
| X     |
|   O O |
|     X |
---------
Making move level "easy"
---------
| X X   |
|   O O |
|     X |
---------
Making move level "easy"
---------
| X X   |
|   O O |
|   O X |
---------
Making move level "easy"
---------
| X X   |
| X O O |
|   O X |
---------
Making move level "easy"
---------
| X X   |
| X O O |
| O O X |
---------
Making move level "easy"
X wins
Input command: > start easy easy
---------
|       |
|       |
|       |
---------
Making move level "easy"
---------
| X     |
|       |
|       |
---------
Making move level "easy"
---------
| X     |
| O     |
|       |
---------
Making move level "easy"
---------
| X     |
| O     |
|     X |
---------
Making move level "easy"
---------
| X     |
| O O   |
|     X |
---------
Making move level "easy"
---------
| X   X |
| O O   |
|     X |
---------
Making move level "easy"
O wins
Input command: > start easy easy
---------
|       |
|       |
|       |
---------
Making move level "easy"
---------
|       |
|     X |
|       |
---------
Making move level "easy"
---------
|       |
|     X |
|   O   |
---------
Making move level "easy"
---------
|       |
| X   X |
|   O   |
---------
Making move level "easy"
---------
|   O   |
| X   X |
|   O   |
---------
Making move level "easy"
---------
|   O   |
| X   X |
| X O   |
---------
Making move level "easy"
---------
|   O O |
| X   X |
| X O   |
---------
Making move level "easy"
X wins
Input command: > start easy easy
---------
|       |
|       |
|       |
---------
Making move level "easy"
---------
|       |
|       |
| X     |
---------
Making move level "easy"
---------
|       |
|       |
| X O   |
---------
Making move level "easy"
---------
|     X |
|       |
| X O   |
---------
Making move level "easy"
---------
|     X |
| O     |
| X O   |
---------
Making move level "easy"
---------
|   X X |
| O     |
| X O   |
---------
Making move level "easy"
---------
| O X X |
| O     |
| X O   |
---------
Making move level "easy"
---------
| O X X |
| O   X |
| X O   |
---------
Making move level "easy"
---------
| O X X |
| O   X |
| X O O |
---------
Making move level "easy"
X wins
Input command: > start easy easy
---------
|       |
|       |
|       |
---------
Making move level "easy"
---------
|       |
|       |
|     X |
---------
Making move level "easy"
---------
|       |
|       |
|   O X |
---------
Making move level "easy"
---------
|     X |
|       |
|   O X |
---------
Making move level "easy"
---------
|     X |
|     O |
|   O X |
---------
Making move level "easy"
---------
|     X |
|   X O |
|   O X |
---------
Making move level "easy"
---------
| O   X |
|   X O |
|   O X |
---------
Making move level "easy"
X wins
Input command: > start easy easy
---------
|       |
|       |
|       |
---------
Making move level "easy"
---------
|       |
|       |
|   X   |
---------
Making move level "easy"
---------
|     O |
|       |
|   X   |
---------
Making move level "easy"
---------
| X   O |
|       |
|   X   |
---------
Making move level "easy"
---------
| X O O |
|       |
|   X   |
---------
Making move level "easy"
---------
| X O O |
|     X |
|   X   |
---------
Making move level "easy"
---------
| X O O |
| O   X |
|   X   |
---------
Making move level "easy"
---------
| X O O |
| O   X |
|   X X |
---------
Making move level "easy"
---------
| X O O |
| O   X |
| O X X |
---------
Making move level "easy"
X wins
Input command: > start easy easy
---------
|       |
|       |
|       |
---------
Making move level "easy"
---------
|   X   |
|       |
|       |
---------
Making move level "easy"
---------
|   X   |
|       |
|   O   |
---------
Making move level "easy"
---------
|   X   |
| X     |
|   O   |
---------
Making move level "easy"
---------
|   X   |
| X O   |
|   O   |
---------
Making move level "easy"
---------
|   X   |
| X O   |
|   O X |
---------
Making move level "easy"
---------
| O X   |
| X O   |
|   O X |
---------
Making move level "easy"
---------
| O X   |
| X O   |
| X O X |
---------
Making move level "easy"
---------
| O X O |
| X O   |
| X O X |
---------
Making move level "easy"
Draw
Input command: > start easy easy
---------
|       |
|       |
|       |
---------
Making move level "easy"
---------
|       |
|   X   |
|       |
---------
Making move level "easy"
---------
|     O |
|   X   |
|       |
---------
Making move level "easy"
---------
|   X O |
|   X   |
|       |
---------
Making move level "easy"
---------
|   X O |
|   X   |
|   O   |
---------
Making move level "easy"
---------
|   X O |
|   X   |
| X O   |
---------
Making move level "easy"
---------
|   X O |
|   X   |
| X O O |
---------
Making move level "easy"
---------
|   X O |
| X X   |
| X O O |
---------
Making move level "easy"
---------
| O X O |
| X X   |
| X O O |
---------
Making move level "easy"
X wins
Input command: > start easy easy
---------
|       |
|       |
|       |
---------
Making move level "easy"
---------
|       |
|   X   |
|       |
---------
Making move level "easy"
---------
|       |
|   X O |
|       |
---------
Making move level "easy"
---------
|       |
| X X O |
|       |
---------
Making move level "easy"
---------
|       |
| X X O |
|   O   |
---------
Making move level "easy"
---------
| X     |
| X X O |
|   O   |
---------
Making move level "easy"
---------
| X   O |
| X X O |
|   O   |
---------
Making move level "easy"
X wins
Input command: > start easy easy
---------
|       |
|       |
|       |
---------
Making move level "easy"
---------
|   X   |
|       |
|       |
---------
Making move level "easy"
---------
| O X   |
|       |
|       |
---------
Making move level "easy"
---------
| O X   |
|     X |
|       |
---------
Making move level "easy"
---------
| O X   |
|     X |
| O     |
---------
Making move level "easy"
---------
| O X   |
|     X |
| O X   |
---------
Making move level "easy"
O wins
Input command: > start easy easy
---------
|       |
|       |
|       |
---------
Making move level "easy"
---------
|     X |
|       |
|       |
---------
Making move level "easy"
---------
| O   X |
|       |
|       |
---------
Making move level "easy"
---------
| O   X |
|       |
|   X   |
---------
Making move level "easy"
---------
| O   X |
|     O |
|   X   |
---------
Making move level "easy"
---------
| O   X |
|   X O |
|   X   |
---------
Making move level "easy"
---------
| O   X |
|   X O |
| O X   |
---------
Making move level "easy"
---------
| O   X |
|   X O |
| O X X |
---------
Making move level "easy"
O wins
Input command: > start easy easy
---------
|       |
|       |
|       |
---------
Making move level "easy"
---------
|       |
|     X |
|       |
---------
Making move level "easy"
---------
|       |
| O   X |
|       |
---------
Making move level "easy"
---------
|     X |
| O   X |
|       |
---------
Making move level "easy"
---------
|     X |
| O   X |
|   O   |
---------
Making move level "easy"
---------
|     X |
| O X X |
|   O   |
---------
Making move level "easy"
---------
| O   X |
| O X X |
|   O   |
---------
Making move level "easy"
---------
| O X X |
| O X X |
|   O   |
---------
Making move level "easy"
O wins
Input command: > start easy easy
---------
|       |
|       |
|       |
---------
Making move level "easy"
---------
| X     |
|       |
|       |
---------
Making move level "easy"
---------
| X     |
|       |
|   O   |
---------
Making move level "easy"
---------
| X     |
|       |
|   O X |
---------
Making move level "easy"
---------
| X     |
|       |
| O O X |
---------
Making move level "easy"
---------
| X     |
| X     |
| O O X |
---------
Making move level "easy"
---------
| X     |
| X   O |
| O O X |
---------
Making move level "easy"
---------
| X X   |
| X   O |
| O O X |
---------
Making move level "easy"
---------
| X X   |
| X O O |
| O O X |
---------
Making move level "easy"
X wins
Input command: > start easy easy
---------
|       |
|       |
|       |
---------
Making move level "easy"
---------
|       |
|       |
| X     |
---------
Making move level "easy"
---------
|       |
|   O   |
| X     |
---------
Making move level "easy"
---------
| X     |
|   O   |
| X     |
---------
Making move level "easy"
---------
| X     |
| O O   |
| X     |
---------
Making move level "easy"
---------
| X     |
| O O X |
| X     |
---------
Making move level "easy"
---------
| X     |
| O O X |
| X   O |
---------
Making move level "easy"
---------
| X   X |
| O O X |
| X   O |
---------
Making move level "easy"
---------
| X   X |
| O O X |
| X O O |
---------
Making move level "easy"
X wins
Input command: > start easy easy
---------
|       |
|       |
|       |
---------
Making move level "easy"
---------
| X     |
|       |
|       |
---------
Making move level "easy"
---------
| X     |
| O     |
|       |
---------
Making move level "easy"
---------
| X     |
| O     |
|     X |
---------
Making move level "easy"
---------
| X     |
| O O   |
|     X |
---------
Making move level "easy"
---------
| X   X |
| O O   |
|     X |
---------
Making move level "easy"
O wins
Input command: > start easy easy
---------
|       |
|       |
|       |
---------
Making move level "easy"
---------
|       |
| X     |
|       |
---------
Making move level "easy"
---------
|       |
| X     |
|     O |
---------
Making move level "easy"
---------
|       |
| X X   |
|     O |
---------
Making move level "easy"
---------
|       |
| X X O |
|     O |
---------
Making move level "easy"
---------
|     X |
| X X O |
|     O |
---------
Making move level "easy"
---------
|   O X |
| X X O |
|     O |
---------
Making move level "easy"
X wins
Input command: > start easy easy
---------
|       |
|       |
|       |
---------
Making move level "easy"
---------
|       |
| X     |
|       |
---------
Making move level "easy"
---------
|       |
| X     |
|   O   |
---------
Making move level "easy"
---------
| X     |
| X     |
|   O   |
---------
Making move level "easy"
---------
| X     |
| X   O |
|   O   |
---------
Making move level "easy"
X wins
Input command: > start easy easy
---------
|       |
|       |
|       |
---------
Making move level "easy"
---------
|   X   |
|       |
|       |
---------
Making move level "easy"
---------
|   X   |
| O     |
|       |
---------
Making move level "easy"
---------
|   X X |
| O     |
|       |
---------
Making move level "easy"
---------
| O X X |
| O     |
|       |
---------
Making move level "easy"
---------
| O X X |
| O X   |
|       |
---------
Making move level "easy"
---------
| O X X |
| O X   |
|   O   |
---------
Making move level "easy"
---------
| O X X |
| O X   |
|   O X |
---------
Making move level "easy"
---------
| O X X |
| O X O |
|   O X |
---------
Making move level "easy"
X wins
Input command: > start easy easy
---------
|       |
|       |
|       |
---------
Making move level "easy"
---------
|       |
| X     |
|       |
---------
Making move level "easy"
---------
|   O   |
| X     |
|       |
---------
Making move level "easy"
---------
|   O   |
| X     |
| X     |
---------
Making move level "easy"
---------
|   O   |
| X   O |
| X     |
---------
Making move level "easy"
---------
|   O   |
| X   O |
| X X   |
---------
Making move level "easy"
---------
|   O   |
| X   O |
| X X O |
---------
Making move level "easy"
---------
|   O X |
| X   O |
| X X O |
---------
Making move level "easy"
---------
| O O X |
| X   O |
| X X O |
---------
Making move level "easy"
X wins
]]></system-out>
  <system-err><![CDATA[]]></system-err>
</testsuite>
